[debug] [2026-07-12T14:22:21.098Z] ----------------------------------------------------------------------
[debug] [2026-07-12T14:22:21.101Z] Command:       C:\Program Files\nodejs\node.exe C:\Users\T-GAMER\AppData\Roaming\npm\node_modules\firebase-tools\lib\bin\firebase.js deploy --only firestore:rules --project munconnectg
[debug] [2026-07-12T14:22:21.101Z] CLI Version:   15.23.0
[debug] [2026-07-12T14:22:21.101Z] Platform:      win32
[debug] [2026-07-12T14:22:21.101Z] Node Version:  v24.14.0
[debug] [2026-07-12T14:22:21.101Z] Detected Agent: unknown
[debug] [2026-07-12T14:22:21.101Z] Time:          Sun Jul 12 2026 11:22:21 GMT-0300 (Horário Padrão de Brasília)
[debug] [2026-07-12T14:22:21.102Z] ----------------------------------------------------------------------
[debug] 
[debug] [2026-07-12T14:22:24.048Z] > command requires scopes: ["email","openid","https://www.googleapis.com/auth/cloudplatformprojects.readonly","https://www.googleapis.com/auth/firebase","https://www.googleapis.com/auth/cloud-platform"]
[debug] [2026-07-12T14:22:24.048Z] > authorizing via signed-in user (pedrocustodio2010@gmail.com)
[debug] [2026-07-12T14:22:24.048Z] [iam] checking project munconnectg for permissions ["datastore.indexes.create","datastore.indexes.delete","datastore.indexes.list","datastore.indexes.update","firebase.projects.get"]
[debug] [2026-07-12T14:22:24.057Z] Checked if tokens are valid: false, expires at: 1783789868958
[debug] [2026-07-12T14:22:24.057Z] Checked if tokens are valid: false, expires at: 1783789868958
[debug] [2026-07-12T14:22:24.057Z] > refreshing access token with scopes: []
[debug] [2026-07-12T14:22:24.059Z] >>> [apiv2][query] POST https://www.googleapis.com/oauth2/v3/token [none]
[debug] [2026-07-12T14:22:24.059Z] >>> [apiv2][body] POST https://www.googleapis.com/oauth2/v3/token [omitted]
[debug] [2026-07-12T14:22:34.742Z] *** [apiv2] error from fetch(https://www.googleapis.com/oauth2/v3/token, {"headers":{},"method":"POST","body":{"type":"Buffer","data":[45,45,45,45,45,45,45,45,45,45,45,45,45,45,45,45,45,45,45,45,45,45,45,45,45,45,45,45,101,53,53,101,55,53,54,48,51,52,101,49,48,102,100,51,49,51,100,50,54,57,53,97,13,10,67,111,110,116,101,110,116,45,68,105,115,112,111,115,105,116,105,111,110,58,32,102,111,114,109,45,100,97,116,97,59,32,110,97,109,101,61,34,114,101,102,114,101,115,104,95,116,111,107,101,110,34,13,10,13,10,49,47,47,48,104,118,105,74,111,88,117,118,117,97,67,109,67,103,89,73,65,82,65,65,71,66,69,83,78,119,70,45,76,57,73,114,89,100,57,77,56,57,82,98,69,107,98,110,103,88,73,72,111,121,52,73,79,51,108,67,45,104,51,73,69,100,51,70,68,103,84,89,117,120,115,70,100,68,76,102,109,101,104,69,117,102,81,85,102,76,97,85,101,45,81,102,69,87,114,109,102,79,89,13,10,45,45,45,45,45,45,45,45,45,45,45,45,45,45,45,45,45,45,45,45,45,45,45,45,45,45,45,45,101,53,53,101,55,53,54,48,51,52,101,49,48,102,100,51,49,51,100,50,54,57,53,97,13,10,67,111,110,116,101,110,116,45,68,105,115,112,111,115,105,116,105,111,110,58,32,102,111,114,109,45,100,97,116,97,59,32,110,97,109,101,61,34,99,108,105,101,110,116,95,105,100,34,13,10,13,10,53,54,51,53,56,52,51,51,53,56,54,57,45,102,103,114,104,103,109,100,52,55,98,113,110,101,107,105,106,53,105,56,98,53,112,114,48,51,104,111,56,52,57,101,54,46,97,112,112,115,46,103,111,111,103,108,101,117,115,101,114,99,111,110,116,101,110,116,46,99,111,109,13,10,45,45,45,45,45,45,45,45,45,45,45,45,45,45,45,45,45,45,45,45,45,45,45,45,45,45,45,45,101,53,53,101,55,53,54,48,51,52,101,49,48,102,100,51,49,51,100,50,54,57,53,97,13,10,67,111,110,116,101,110,116,45,68,105,115,112,111,115,105,116,105,111,110,58,32,102,111,114,109,45,100,97,116,97,59,32,110,97,109,101,61,34,99,108,105,101,110,116,95,115,101,99,114,101,116,34,13,10,13,10,106,57,105,86,90,102,83,56,107,107,67,69,70,85,80,97,65,101,74,86,48,115,65,105,13,10,45,45,45,45,45,45,45,45,45,45,45,45,45,45,45,45,45,45,45,45,45,45,45,45,45,45,45,45,101,53,53,101,55,53,54,48,51,52,101,49,48,102,100,51,49,51,100,50,54,57,53,97,13,10,67,111,110,116,101,110,116,45,68,105,115,112,111,115,105,116,105,111,110,58,32,102,111,114,109,45,100,97,116,97,59,32,110,97,109,101,61,34,103,114,97,110,116,95,116,121,112,101,34,13,10,13,10,114,101,102,114,101,115,104,95,116,111,107,101,110,13,10,45,45,45,45,45,45,45,45,45,45,45,45,45,45,45,45,45,45,45,45,45,45,45,45,45,45,45,45,101,53,53,101,55,53,54,48,51,52,101,49,48,102,100,51,49,51,100,50,54,57,53,97,13,10,67,111,110,116,101,110,116,45,68,105,115,112,111,115,105,116,105,111,110,58,32,102,111,114,109,45,100,97,116,97,59,32,110,97,109,101,61,34,115,99,111,112,101,34,13,10,13,10,13,10,45,45,45,45,45,45,45,45,45,45,45,45,45,45,45,45,45,45,45,45,45,45,45,45,45,45,45,45,101,53,53,101,55,53,54,48,51,52,101,49,48,102,100,51,49,51,100,50,54,57,53,97,45,45,13,10]}}): ConnectTimeoutError: Connect Timeout Error (attempted address: www.googleapis.com:443, timeout: 10000ms)
[error] Authentication Error: Your credentials are no longer valid. Please run firebase login --reauth

For CI servers and headless environments, generate a new token with firebase login:ci
[debug] [2026-07-12T14:22:34.743Z] [iam] error while checking permissions, command may fail: Authentication Error: Your credentials are no longer valid. Please run firebase login --reauth

For CI servers and headless environments, generate a new token with firebase login:ci
[info] 
[info] === Deploying to 'munconnectg'...
[info] 
[info] i  deploying firestore 
[info] i  firestore: ensuring required API firestore.googleapis.com is enabled... 
[debug] [2026-07-12T14:22:34.745Z] Checked if tokens are valid: false, expires at: 1783789868958
[debug] [2026-07-12T14:22:34.745Z] Checked if tokens are valid: false, expires at: 1783789868958
[debug] [2026-07-12T14:22:34.745Z] > refreshing access token with scopes: []
[debug] [2026-07-12T14:22:34.746Z] >>> [apiv2][query] POST https://www.googleapis.com/oauth2/v3/token [none]
[debug] [2026-07-12T14:22:34.746Z] >>> [apiv2][body] POST https://www.googleapis.com/oauth2/v3/token [omitted]
[debug] [2026-07-12T14:22:35.002Z] <<< [apiv2][status] POST https://www.googleapis.com/oauth2/v3/token 200
[debug] [2026-07-12T14:22:35.002Z] <<< [apiv2][body] POST https://www.googleapis.com/oauth2/v3/token [omitted]
[debug] [2026-07-12T14:22:35.009Z] >>> [apiv2][query] GET https://serviceusage.googleapis.com/v1/projects/munconnectg/services/firestore.googleapis.com [none]
[debug] [2026-07-12T14:22:35.010Z] >>> [apiv2][(partial)header] GET https://serviceusage.googleapis.com/v1/projects/munconnectg/services/firestore.googleapis.com  x-goog-user-project=munconnectg
[debug] [2026-07-12T14:22:36.152Z] <<< [apiv2][status] GET https://serviceusage.googleapis.com/v1/projects/munconnectg/services/firestore.googleapis.com 200
[debug] [2026-07-12T14:22:36.152Z] <<< [apiv2][body] GET https://serviceusage.googleapis.com/v1/projects/munconnectg/services/firestore.googleapis.com [omitted]
[info] +  firestore: required API firestore.googleapis.com is enabled 
[info] i  firestore: ensuring required API firestore.googleapis.com is enabled... 
[debug] [2026-07-12T14:22:36.156Z] Checked if tokens are valid: true, expires at: 1783869754002
[debug] [2026-07-12T14:22:36.156Z] Checked if tokens are valid: true, expires at: 1783869754002
[debug] [2026-07-12T14:22:36.157Z] >>> [apiv2][query] GET https://firestore.googleapis.com/v1/projects/munconnectg/databases/(default) [none]
[debug] [2026-07-12T14:22:36.500Z] <<< [apiv2][status] GET https://firestore.googleapis.com/v1/projects/munconnectg/databases/(default) 200
[debug] [2026-07-12T14:22:36.500Z] <<< [apiv2][body] GET https://firestore.googleapis.com/v1/projects/munconnectg/databases/(default) {"name":"projects/munconnectg/databases/(default)","uid":"b3dfedd9-b5e3-443d-a99e-85e2997e99b9","createTime":"2026-03-16T23:32:34.514118Z","updateTime":"2026-03-16T23:32:34.514118Z","locationId":"southamerica-east1","type":"FIRESTORE_NATIVE","concurrencyMode":"PESSIMISTIC","versionRetentionPeriod":"3600s","earliestVersionTime":"2026-07-12T13:22:37.464556Z","appEngineIntegrationMode":"DISABLED","keyPrefix":"i","pointInTimeRecoveryEnablement":"POINT_IN_TIME_RECOVERY_DISABLED","deleteProtectionState":"DELETE_PROTECTION_DISABLED","databaseEdition":"STANDARD","freeTier":true,"realtimeUpdatesMode":"REALTIME_UPDATES_MODE_ENABLED","etag":"IPvykaWrzZUDMM3/sujKpZMD"}
[info] i  cloud.firestore: checking firestore.rules for compilation errors... 
[debug] [2026-07-12T14:22:36.501Z] Checked if tokens are valid: true, expires at: 1783869754002
[debug] [2026-07-12T14:22:36.501Z] Checked if tokens are valid: true, expires at: 1783869754002
[debug] [2026-07-12T14:22:36.501Z] >>> [apiv2][query] POST https://firebaserules.googleapis.com/v1/projects/munconnectg:test [none]
[debug] [2026-07-12T14:22:36.501Z] >>> [apiv2][body] POST https://firebaserules.googleapis.com/v1/projects/munconnectg:test [omitted]
[debug] [2026-07-12T14:22:37.875Z] <<< [apiv2][status] POST https://firebaserules.googleapis.com/v1/projects/munconnectg:test 200
[debug] [2026-07-12T14:22:37.875Z] <<< [apiv2][body] POST https://firebaserules.googleapis.com/v1/projects/munconnectg:test {}
[info] +  cloud.firestore: rules file firestore.rules compiled successfully 
[debug] [2026-07-12T14:22:37.876Z] Checked if tokens are valid: true, expires at: 1783869754002
[debug] [2026-07-12T14:22:37.876Z] Checked if tokens are valid: true, expires at: 1783869754002
[debug] [2026-07-12T14:22:37.876Z] >>> [apiv2][query] GET https://firebaserules.googleapis.com/v1/projects/munconnectg/releases pageSize=10&pageToken=
[debug] [2026-07-12T14:22:39.077Z] <<< [apiv2][status] GET https://firebaserules.googleapis.com/v1/projects/munconnectg/releases 200
[debug] [2026-07-12T14:22:39.077Z] <<< [apiv2][body] GET https://firebaserules.googleapis.com/v1/projects/munconnectg/releases {"releases":[{"name":"projects/munconnectg/releases/cloud.firestore","rulesetName":"projects/munconnectg/rulesets/462e26ba-fe4a-47df-a520-4dc317477657","createTime":"2026-03-16T23:32:53.297697Z","updateTime":"2026-06-16T22:14:11.244464Z"}]}
[debug] [2026-07-12T14:22:39.078Z] Checked if tokens are valid: true, expires at: 1783869754002
[debug] [2026-07-12T14:22:39.078Z] Checked if tokens are valid: true, expires at: 1783869754002
[debug] [2026-07-12T14:22:39.078Z] >>> [apiv2][query] GET https://firebaserules.googleapis.com/v1/projects/munconnectg/rulesets/462e26ba-fe4a-47df-a520-4dc317477657 [none]
[debug] [2026-07-12T14:22:40.188Z] <<< [apiv2][status] GET https://firebaserules.googleapis.com/v1/projects/munconnectg/rulesets/462e26ba-fe4a-47df-a520-4dc317477657 200
[debug] [2026-07-12T14:22:40.188Z] <<< [apiv2][body] GET https://firebaserules.googleapis.com/v1/projects/munconnectg/rulesets/462e26ba-fe4a-47df-a520-4dc317477657 [omitted]
[info] i  firestore: uploading rules firestore.rules... 
[debug] [2026-07-12T14:22:40.189Z] Checked if tokens are valid: true, expires at: 1783869754002
[debug] [2026-07-12T14:22:40.189Z] Checked if tokens are valid: true, expires at: 1783869754002
[debug] [2026-07-12T14:22:40.189Z] >>> [apiv2][query] POST https://firebaserules.googleapis.com/v1/projects/munconnectg/rulesets [none]
[debug] [2026-07-12T14:22:40.189Z] >>> [apiv2][body] POST https://firebaserules.googleapis.com/v1/projects/munconnectg/rulesets [omitted]
[debug] [2026-07-12T14:22:41.513Z] <<< [apiv2][status] POST https://firebaserules.googleapis.com/v1/projects/munconnectg/rulesets 200
[debug] [2026-07-12T14:22:41.513Z] <<< [apiv2][body] POST https://firebaserules.googleapis.com/v1/projects/munconnectg/rulesets {"name":"projects/munconnectg/rulesets/7414baba-21b3-45fa-b85a-8e5fe806166c","source":{"files":[{"content":"rules_version = '2';\n\n// ─────────────────────────────────────────────────────────────────────────────\n// Firestore Security Rules — MUNConnect\n//\n// Hierarquia (ver src/data/firestore.js):\n//   conferences/{conferenceId}\n//     committees/{committeeId}\n//       topics/{topicId}\n//         subitems/{subitemId}    { status, ... }\n//       documents/{docId}\n//       members/{uid}             { role: \"director\" | \"delegate\" }\n//\n// Princípios:\n//   • Leitura liberada para qualquer usuário autenticado em toda a árvore.\n//   • members NÃO é gravável pelo client (só via console / Admin SDK).\n//   • Membros do comitê podem criar documents.\n//   • Só directors podem alterar o status de subitems.\n//   • Default deny para qualquer escrita não coberta explicitamente.\n// ─────────────────────────────────────────────────────────────────────────────\n\nservice cloud.firestore {\n  match /databases/{database}/documents {\n\n    // ── Helpers ──────────────────────────────────────────────────────────────\n    function isSignedIn() {\n      return request.auth != null;\n    }\n\n    // Existe doc em members/{uid} → usuário é membro do comitê.\n    function isMember(conferenceId, committeeId) {\n      return isSignedIn() &&\n        exists(/databases/$(database)/documents/conferences/$(conferenceId)/committees/$(committeeId)/members/$(request.auth.uid));\n    }\n\n    // Papel do usuário no comitê (null se não for membro).\n    function memberRole(conferenceId, committeeId) {\n      return get(/databases/$(database)/documents/conferences/$(conferenceId)/committees/$(committeeId)/members/$(request.auth.uid)).data.role;\n    }\n\n    function isDirector(conferenceId, committeeId) {\n      return isMember(conferenceId, committeeId) &&\n        memberRole(conferenceId, committeeId) == 'director';\n    }\n\n    // Somente o campo `status` mudou (nenhum outro campo foi afetado).\n    function onlyStatusChanged() {\n      return request.resource.data.diff(resource.data).affectedKeys().hasOnly(['status']);\n    }\n\n    // ── Conferences ──────────────────────────────────────────────────────────\n    match /conferences/{conferenceId} {\n      allow read: if isSignedIn();\n      allow write: if false;\n\n      // ── Committees ─────────────────────────────────────────────────────────\n      match /committees/{committeeId} {\n        allow read: if isSignedIn();\n        allow write: if false;\n\n        // ── Members ──────────────────────────────────────────────────────────\n        // Leitura livre (autenticado); escrita apenas manual (console/Admin SDK).\n        match /members/{uid} {\n          allow read: if isSignedIn();\n          allow write: if false;\n        }\n\n        // ── Documents ────────────────────────────────────────────────────────\n        // Qualquer membro do comitê pode criar. Sem update/delete client-side.\n        match /documents/{docId} {\n          allow read: if isSignedIn();\n          allow create: if isMember(conferenceId, committeeId);\n          allow update, delete: if false;\n        }\n\n        // ── Topics ───────────────────────────────────────────────────────────\n        match /topics/{topicId} {\n          allow read: if isSignedIn();\n          allow write: if false;\n\n          // ── Subitems ───────────────────────────────────────────────────────\n          // Só directors podem alterar o status — e nada além do status.\n          match /subitems/{subitemId} {\n            allow read: if isSignedIn();\n            allow update: if isDirector(conferenceId, committeeId) &&\n                             onlyStatusChanged();\n            allow create, delete: if false;\n          }\n        }\n      }\n    }\n\n    // ── Default deny ───────────────────────────────────────────────────────────\n    // Qualquer caminho não coberto acima: sem leitura e sem escrita.\n    match /{document=**} {\n      allow read, write: if false;\n    }\n  }\n}\n","name":"firestore.rules"}]},"createTime":"2026-07-12T14:22:42.336575Z","metadata":{"services":["cloud.firestore"]}}
[debug] [2026-07-12T14:22:41.514Z] [rules] created ruleset projects/munconnectg/rulesets/7414baba-21b3-45fa-b85a-8e5fe806166c
[debug] [2026-07-12T14:22:41.514Z] [rules] releasing cloud.firestore with ruleset projects/munconnectg/rulesets/7414baba-21b3-45fa-b85a-8e5fe806166c
[debug] [2026-07-12T14:22:41.514Z] Checked if tokens are valid: true, expires at: 1783869754002
[debug] [2026-07-12T14:22:41.514Z] Checked if tokens are valid: true, expires at: 1783869754002
[debug] [2026-07-12T14:22:41.514Z] >>> [apiv2][query] PATCH https://firebaserules.googleapis.com/v1/projects/munconnectg/releases/cloud.firestore [none]
[debug] [2026-07-12T14:22:41.514Z] >>> [apiv2][body] PATCH https://firebaserules.googleapis.com/v1/projects/munconnectg/releases/cloud.firestore {"release":{"name":"projects/munconnectg/releases/cloud.firestore","rulesetName":"projects/munconnectg/rulesets/7414baba-21b3-45fa-b85a-8e5fe806166c"}}
[debug] [2026-07-12T14:22:42.853Z] <<< [apiv2][status] PATCH https://firebaserules.googleapis.com/v1/projects/munconnectg/releases/cloud.firestore 200
[debug] [2026-07-12T14:22:42.853Z] <<< [apiv2][body] PATCH https://firebaserules.googleapis.com/v1/projects/munconnectg/releases/cloud.firestore {"name":"projects/munconnectg/releases/cloud.firestore","rulesetName":"projects/munconnectg/rulesets/7414baba-21b3-45fa-b85a-8e5fe806166c","createTime":"2026-03-16T23:32:53.297697Z","updateTime":"2026-07-12T14:22:43.690469Z"}
[debug] [2026-07-12T14:22:42.853Z] [rules] updated release projects/munconnectg/releases/cloud.firestore
[info] +  firestore: released rules firestore.rules to cloud.firestore 
[info] 
[info] +  Deploy complete! 
[info] 
[info] Project Console: https://console.firebase.google.com/project/munconnectg/overview
[debug] [2026-07-12T14:22:52.877Z] Error: Timed out.
    at Timeout._onTimeout (C:\Users\T-GAMER\AppData\Roaming\npm\node_modules\firebase-tools\lib\utils.js:296:49)
    at listOnTimeout (node:internal/timers:605:17)
    at process.processTimers (node:internal/timers:541:7)
[error] 
[error] Error: An unexpected error has occurred.
